  [1m[36m (1.2ms)[0m  [1mCREATE TABLE "schema_migrations" ("version" varchar NOT NULL) [0m
  [1m[35m (0.0ms)[0m  select sqlite_version(*)
  [1m[36m (1.0ms)[0m  [1mCREATE UNIQUE INDEX "unique_schema_migrations" ON "schema_migrations" ("version")[0m
  [1m[35mActiveRecord::SchemaMigration Load (0.1ms)[0m  SELECT "schema_migrations".* FROM "schema_migrations"
  [1m[36mActiveRecord::SchemaMigration Load (0.1ms)[0m  [1mSELECT "schema_migrations".* FROM "schema_migrations"[0m
Migrating to CreatePosts (20151230232412)
  [1m[35m (0.1ms)[0m  begin transaction
  [1m[36m (0.4ms)[0m  [1mCREATE TABLE "posts" ("id" INTEGER PRIMARY KEY AUTOINCREMENT NOT NULL, "title" varchar, "description" text, "created_at" datetime NOT NULL, "updated_at" datetime NOT NULL) [0m
  [1m[35mSQL (0.2ms)[0m  INSERT INTO "schema_migrations" ("version") VALUES (?)  [["version", "20151230232412"]]
  [1m[36m (1.3ms)[0m  [1mcommit transaction[0m
  [1m[35mActiveRecord::SchemaMigration Load (0.1ms)[0m  SELECT "schema_migrations".* FROM "schema_migrations"


Started GET "/posts/new" for ::1 at 2015-12-31 13:44:56 -0600
  [1m[36mActiveRecord::SchemaMigration Load (0.1ms)[0m  [1mSELECT "schema_migrations".* FROM "schema_migrations"[0m
Processing by PostsController#new as HTML
  Rendered posts/new.html.erb within layouts/application (2.1ms)
Completed 200 OK in 347ms (Views: 326.8ms | ActiveRecord: 0.2ms)


Started GET "/assets/application.self-e80e8f2318043e8af94dddc2adad5a4f09739a8ebb323b3ab31cd71d45fd9113.css?body=1" for ::1 at 2015-12-31 13:44:57 -0600


Started GET "/assets/application.self-3b8dabdc891efe46b9a144b400ad69e37d7e5876bdc39dee783419a69d7ca819.js?body=1" for ::1 at 2015-12-31 13:44:57 -0600


Started POST "/posts" for ::1 at 2015-12-31 13:45:03 -0600
Processing by PostsController#create as HTML
  Parameters: {"utf8"=>"✓", "authenticity_token"=>"mFCuNJP5reOW19phdr4zXRLzOMo4NZQ3wneiVR+RO/+owIoDiOxh24iHKkZ7DGazxbSIoRmvIOmJgA4gog1sGg==", "title"=>"Rails Introduction Quiz", "description"=>"asdfasdf", "commit"=>"Submit Post"}
  [1m[35m (0.1ms)[0m  begin transaction
  [1m[36mSQL (0.4ms)[0m  [1mINSERT INTO "posts" ("title", "description", "created_at", "updated_at") VALUES (?, ?, ?, ?)[0m  [["title", "Rails Introduction Quiz"], ["description", "asdfasdf"], ["created_at", "2015-12-31 19:45:03.614973"], ["updated_at", "2015-12-31 19:45:03.614973"]]
  [1m[35m (1.2ms)[0m  commit transaction
Redirected to http://localhost:3000/posts/1
Completed 302 Found in 22ms (ActiveRecord: 1.7ms)


Started GET "/posts/1" for ::1 at 2015-12-31 13:45:03 -0600
Processing by PostsController#show as HTML
  Parameters: {"id"=>"1"}
  [1m[36mPost Load (0.2ms)[0m  [1mSELECT  "posts".* FROM "posts" WHERE "posts"."id" = ? LIMIT 1[0m  [["id", 1]]
  Rendered posts/show.html.erb within layouts/application (0.4ms)
Completed 200 OK in 27ms (Views: 10.4ms | ActiveRecord: 0.2ms)
Started GET "/" for ::1 at 2020-08-11 00:42:25 -0400
  [1m[36mActiveRecord::SchemaMigration Load (0.1ms)[0m  [1m[34mSELECT "schema_migrations".* FROM "schema_migrations"[0m
Processing by Rails::WelcomeController#index as HTML
  Parameters: {"internal"=>true}
  Rendering /Users/israelcanessa/.rvm/gems/ruby-2.6.1/gems/railties-5.0.7.2/lib/rails/templates/rails/welcome/index.html.erb
  Rendered /Users/israelcanessa/.rvm/gems/ruby-2.6.1/gems/railties-5.0.7.2/lib/rails/templates/rails/welcome/index.html.erb (20.2ms)
Completed 200 OK in 47ms (Views: 32.6ms | ActiveRecord: 0.0ms)


Started GET "/index" for ::1 at 2020-08-11 00:43:06 -0400
  
ActionController::RoutingError (No route matches [GET] "/index"):
  
actionpack (5.0.7.2) lib/action_dispatch/middleware/debug_exceptions.rb:53:in `call'
actionpack (5.0.7.2) lib/action_dispatch/middleware/show_exceptions.rb:31:in `call'
railties (5.0.7.2) lib/rails/rack/logger.rb:36:in `call_app'
railties (5.0.7.2) lib/rails/rack/logger.rb:24:in `block in call'
activesupport (5.0.7.2) lib/active_support/tagged_logging.rb:69:in `block in tagged'
activesupport (5.0.7.2) lib/active_support/tagged_logging.rb:26:in `tagged'
activesupport (5.0.7.2) lib/active_support/tagged_logging.rb:69:in `tagged'
railties (5.0.7.2) lib/rails/rack/logger.rb:24:in `call'
sprockets-rails (3.2.1) lib/sprockets/rails/quiet_assets.rb:13:in `call'
actionpack (5.0.7.2) lib/action_dispatch/middleware/request_id.rb:24:in `call'
rack (2.2.3) lib/rack/method_override.rb:24:in `call'
rack (2.2.3) lib/rack/runtime.rb:22:in `call'
activesupport (5.0.7.2) lib/active_support/cache/strategy/local_cache_middleware.rb:28:in `call'
actionpack (5.0.7.2) lib/action_dispatch/middleware/executor.rb:12:in `call'
actionpack (5.0.7.2) lib/action_dispatch/middleware/static.rb:136:in `call'
rack (2.2.3) lib/rack/sendfile.rb:110:in `call'
railties (5.0.7.2) lib/rails/engine.rb:522:in `call'
rack (2.2.3) lib/rack/handler/webrick.rb:95:in `service'
/Users/israelcanessa/.rvm/rubies/ruby-2.6.1/lib/ruby/2.6.0/webrick/httpserver.rb:140:in `service'
/Users/israelcanessa/.rvm/rubies/ruby-2.6.1/lib/ruby/2.6.0/webrick/httpserver.rb:96:in `run'
/Users/israelcanessa/.rvm/rubies/ruby-2.6.1/lib/ruby/2.6.0/webrick/server.rb:307:in `block in start_thread'
  Rendering /Users/israelcanessa/.rvm/gems/ruby-2.6.1/gems/actionpack-5.0.7.2/lib/action_dispatch/middleware/templates/rescues/routing_error.html.erb within rescues/layout
  Rendering /Users/israelcanessa/.rvm/gems/ruby-2.6.1/gems/actionpack-5.0.7.2/lib/action_dispatch/middleware/templates/rescues/_trace.html.erb
  Rendered /Users/israelcanessa/.rvm/gems/ruby-2.6.1/gems/actionpack-5.0.7.2/lib/action_dispatch/middleware/templates/rescues/_trace.html.erb (1.2ms)
  Rendered collection of /Users/israelcanessa/.rvm/gems/ruby-2.6.1/gems/actionpack-5.0.7.2/lib/action_dispatch/middleware/templates/routes/_route.html.erb [8 times] (3.1ms)
  Rendered /Users/israelcanessa/.rvm/gems/ruby-2.6.1/gems/actionpack-5.0.7.2/lib/action_dispatch/middleware/templates/routes/_table.html.erb (24.6ms)
  Rendering /Users/israelcanessa/.rvm/gems/ruby-2.6.1/gems/actionpack-5.0.7.2/lib/action_dispatch/middleware/templates/rescues/_request_and_response.html.erb
  Rendered /Users/israelcanessa/.rvm/gems/ruby-2.6.1/gems/actionpack-5.0.7.2/lib/action_dispatch/middleware/templates/rescues/_request_and_response.html.erb (3.0ms)
  Rendered /Users/israelcanessa/.rvm/gems/ruby-2.6.1/gems/actionpack-5.0.7.2/lib/action_dispatch/middleware/templates/rescues/routing_error.html.erb within rescues/layout (104.9ms)
Started GET "/1" for ::1 at 2020-08-11 00:43:14 -0400
  
ActionController::RoutingError (No route matches [GET] "/1"):
  
actionpack (5.0.7.2) lib/action_dispatch/middleware/debug_exceptions.rb:53:in `call'
actionpack (5.0.7.2) lib/action_dispatch/middleware/show_exceptions.rb:31:in `call'
railties (5.0.7.2) lib/rails/rack/logger.rb:36:in `call_app'
railties (5.0.7.2) lib/rails/rack/logger.rb:24:in `block in call'
activesupport (5.0.7.2) lib/active_support/tagged_logging.rb:69:in `block in tagged'
activesupport (5.0.7.2) lib/active_support/tagged_logging.rb:26:in `tagged'
activesupport (5.0.7.2) lib/active_support/tagged_logging.rb:69:in `tagged'
railties (5.0.7.2) lib/rails/rack/logger.rb:24:in `call'
sprockets-rails (3.2.1) lib/sprockets/rails/quiet_assets.rb:13:in `call'
actionpack (5.0.7.2) lib/action_dispatch/middleware/request_id.rb:24:in `call'
rack (2.2.3) lib/rack/method_override.rb:24:in `call'
rack (2.2.3) lib/rack/runtime.rb:22:in `call'
activesupport (5.0.7.2) lib/active_support/cache/strategy/local_cache_middleware.rb:28:in `call'
actionpack (5.0.7.2) lib/action_dispatch/middleware/executor.rb:12:in `call'
actionpack (5.0.7.2) lib/action_dispatch/middleware/static.rb:136:in `call'
rack (2.2.3) lib/rack/sendfile.rb:110:in `call'
railties (5.0.7.2) lib/rails/engine.rb:522:in `call'
rack (2.2.3) lib/rack/handler/webrick.rb:95:in `service'
/Users/israelcanessa/.rvm/rubies/ruby-2.6.1/lib/ruby/2.6.0/webrick/httpserver.rb:140:in `service'
/Users/israelcanessa/.rvm/rubies/ruby-2.6.1/lib/ruby/2.6.0/webrick/httpserver.rb:96:in `run'
/Users/israelcanessa/.rvm/rubies/ruby-2.6.1/lib/ruby/2.6.0/webrick/server.rb:307:in `block in start_thread'
  Rendering /Users/israelcanessa/.rvm/gems/ruby-2.6.1/gems/actionpack-5.0.7.2/lib/action_dispatch/middleware/templates/rescues/routing_error.html.erb within rescues/layout
  Rendering /Users/israelcanessa/.rvm/gems/ruby-2.6.1/gems/actionpack-5.0.7.2/lib/action_dispatch/middleware/templates/rescues/_trace.html.erb
  Rendered /Users/israelcanessa/.rvm/gems/ruby-2.6.1/gems/actionpack-5.0.7.2/lib/action_dispatch/middleware/templates/rescues/_trace.html.erb (2.9ms)
  Rendered collection of /Users/israelcanessa/.rvm/gems/ruby-2.6.1/gems/actionpack-5.0.7.2/lib/action_dispatch/middleware/templates/routes/_route.html.erb [8 times] (3.9ms)
  Rendered /Users/israelcanessa/.rvm/gems/ruby-2.6.1/gems/actionpack-5.0.7.2/lib/action_dispatch/middleware/templates/routes/_table.html.erb (2.2ms)
  Rendering /Users/israelcanessa/.rvm/gems/ruby-2.6.1/gems/actionpack-5.0.7.2/lib/action_dispatch/middleware/templates/rescues/_request_and_response.html.erb
  Rendered /Users/israelcanessa/.rvm/gems/ruby-2.6.1/gems/actionpack-5.0.7.2/lib/action_dispatch/middleware/templates/rescues/_request_and_response.html.erb (1.3ms)
  Rendered /Users/israelcanessa/.rvm/gems/ruby-2.6.1/gems/actionpack-5.0.7.2/lib/action_dispatch/middleware/templates/rescues/routing_error.html.erb within rescues/layout (100.5ms)
Started GET "/posts" for ::1 at 2020-08-11 00:43:18 -0400
Processing by PostsController#index as HTML
  Rendering posts/index.html.erb within layouts/application
  [1m[36mPost Load (0.3ms)[0m  [1m[34mSELECT "posts".* FROM "posts"[0m
  Rendered posts/index.html.erb within layouts/application (14.9ms)
Completed 200 OK in 630ms (Views: 621.5ms | ActiveRecord: 1.7ms)


Started GET "/posts/" for ::1 at 2020-08-11 00:43:29 -0400
Processing by PostsController#index as HTML
  Rendering posts/index.html.erb within layouts/application
  [1m[36mPost Load (0.2ms)[0m  [1m[34mSELECT "posts".* FROM "posts"[0m
  Rendered posts/index.html.erb within layouts/application (2.7ms)
Completed 200 OK in 34ms (Views: 32.1ms | ActiveRecord: 0.2ms)


Started GET "/posts/1" for ::1 at 2020-08-11 00:43:37 -0400
Processing by PostsController#show as HTML
  Parameters: {"id"=>"1"}
  [1m[36mPost Load (0.4ms)[0m  [1m[34mSELECT  "posts".* FROM "posts" WHERE "posts"."id" = ? LIMIT ?[0m  [["id", 1], ["LIMIT", 1]]
  Rendering posts/show.html.erb within layouts/application
  Rendered posts/show.html.erb within layouts/application (1.0ms)
Completed 200 OK in 73ms (Views: 61.8ms | ActiveRecord: 0.4ms)


Started GET "/posts/2" for ::1 at 2020-08-11 00:43:43 -0400
Processing by PostsController#show as HTML
  Parameters: {"id"=>"2"}
  [1m[36mPost Load (0.3ms)[0m  [1m[34mSELECT  "posts".* FROM "posts" WHERE "posts"."id" = ? LIMIT ?[0m  [["id", 2], ["LIMIT", 1]]
Completed 404 Not Found in 2ms (ActiveRecord: 0.3ms)


  
ActiveRecord::RecordNotFound (Couldn't find Post with 'id'=2):
  
app/controllers/posts_controller.rb:7:in `show'
  Rendering /Users/israelcanessa/.rvm/gems/ruby-2.6.1/gems/actionpack-5.0.7.2/lib/action_dispatch/middleware/templates/rescues/diagnostics.html.erb within rescues/layout
  Rendering /Users/israelcanessa/.rvm/gems/ruby-2.6.1/gems/actionpack-5.0.7.2/lib/action_dispatch/middleware/templates/rescues/_source.html.erb
  Rendered /Users/israelcanessa/.rvm/gems/ruby-2.6.1/gems/actionpack-5.0.7.2/lib/action_dispatch/middleware/templates/rescues/_source.html.erb (22.8ms)
  Rendering /Users/israelcanessa/.rvm/gems/ruby-2.6.1/gems/actionpack-5.0.7.2/lib/action_dispatch/middleware/templates/rescues/_trace.html.erb
  Rendered /Users/israelcanessa/.rvm/gems/ruby-2.6.1/gems/actionpack-5.0.7.2/lib/action_dispatch/middleware/templates/rescues/_trace.html.erb (12.5ms)
  Rendering /Users/israelcanessa/.rvm/gems/ruby-2.6.1/gems/actionpack-5.0.7.2/lib/action_dispatch/middleware/templates/rescues/_request_and_response.html.erb
  Rendered /Users/israelcanessa/.rvm/gems/ruby-2.6.1/gems/actionpack-5.0.7.2/lib/action_dispatch/middleware/templates/rescues/_request_and_response.html.erb (3.7ms)
  Rendered /Users/israelcanessa/.rvm/gems/ruby-2.6.1/gems/actionpack-5.0.7.2/lib/action_dispatch/middleware/templates/rescues/diagnostics.html.erb within rescues/layout (74.9ms)
Started GET "/posts/" for ::1 at 2020-08-11 00:44:43 -0400
  [1m[36mActiveRecord::SchemaMigration Load (0.1ms)[0m  [1m[34mSELECT "schema_migrations".* FROM "schema_migrations"[0m
Processing by PostsController#index as HTML
  Rendering posts/index.html.erb within layouts/application
  [1m[36mPost Load (0.1ms)[0m  [1m[34mSELECT "posts".* FROM "posts"[0m
  Rendered posts/index.html.erb within layouts/application (9.7ms)
Completed 200 OK in 297ms (Views: 281.6ms | ActiveRecord: 0.8ms)


Started GET "/posts/1" for ::1 at 2020-08-11 00:44:46 -0400
Processing by PostsController#show as HTML
  Parameters: {"id"=>"1"}
  [1m[36mPost Load (0.2ms)[0m  [1m[34mSELECT  "posts".* FROM "posts" WHERE "posts"."id" = ? LIMIT ?[0m  [["id", 1], ["LIMIT", 1]]
  Rendering posts/show.html.erb within layouts/application
  Rendered posts/show.html.erb within layouts/application (1.4ms)
Completed 200 OK in 36ms (Views: 28.9ms | ActiveRecord: 0.2ms)


Started GET "/posts/2" for ::1 at 2020-08-11 00:44:51 -0400
Processing by PostsController#show as HTML
  Parameters: {"id"=>"2"}
  [1m[36mPost Load (0.2ms)[0m  [1m[34mSELECT  "posts".* FROM "posts" WHERE "posts"."id" = ? LIMIT ?[0m  [["id", 2], ["LIMIT", 1]]
Completed 404 Not Found in 2ms (ActiveRecord: 0.2ms)


  
ActiveRecord::RecordNotFound (Couldn't find Post with 'id'=2):
  
app/controllers/posts_controller.rb:7:in `show'
  Rendering /Users/israelcanessa/.rvm/gems/ruby-2.6.1/gems/actionpack-5.0.7.2/lib/action_dispatch/middleware/templates/rescues/diagnostics.html.erb within rescues/layout
  Rendering /Users/israelcanessa/.rvm/gems/ruby-2.6.1/gems/actionpack-5.0.7.2/lib/action_dispatch/middleware/templates/rescues/_source.html.erb
  Rendered /Users/israelcanessa/.rvm/gems/ruby-2.6.1/gems/actionpack-5.0.7.2/lib/action_dispatch/middleware/templates/rescues/_source.html.erb (12.9ms)
  Rendering /Users/israelcanessa/.rvm/gems/ruby-2.6.1/gems/actionpack-5.0.7.2/lib/action_dispatch/middleware/templates/rescues/_trace.html.erb
  Rendered /Users/israelcanessa/.rvm/gems/ruby-2.6.1/gems/actionpack-5.0.7.2/lib/action_dispatch/middleware/templates/rescues/_trace.html.erb (1.9ms)
  Rendering /Users/israelcanessa/.rvm/gems/ruby-2.6.1/gems/actionpack-5.0.7.2/lib/action_dispatch/middleware/templates/rescues/_request_and_response.html.erb
  Rendered /Users/israelcanessa/.rvm/gems/ruby-2.6.1/gems/actionpack-5.0.7.2/lib/action_dispatch/middleware/templates/rescues/_request_and_response.html.erb (0.9ms)
  Rendered /Users/israelcanessa/.rvm/gems/ruby-2.6.1/gems/actionpack-5.0.7.2/lib/action_dispatch/middleware/templates/rescues/diagnostics.html.erb within rescues/layout (67.1ms)
Started GET "/posts/3" for ::1 at 2020-08-11 00:44:54 -0400
Processing by PostsController#show as HTML
  Parameters: {"id"=>"3"}
  [1m[36mPost Load (0.2ms)[0m  [1m[34mSELECT  "posts".* FROM "posts" WHERE "posts"."id" = ? LIMIT ?[0m  [["id", 3], ["LIMIT", 1]]
Completed 404 Not Found in 2ms (ActiveRecord: 0.2ms)


  
ActiveRecord::RecordNotFound (Couldn't find Post with 'id'=3):
  
app/controllers/posts_controller.rb:7:in `show'
  Rendering /Users/israelcanessa/.rvm/gems/ruby-2.6.1/gems/actionpack-5.0.7.2/lib/action_dispatch/middleware/templates/rescues/diagnostics.html.erb within rescues/layout
  Rendering /Users/israelcanessa/.rvm/gems/ruby-2.6.1/gems/actionpack-5.0.7.2/lib/action_dispatch/middleware/templates/rescues/_source.html.erb
  Rendered /Users/israelcanessa/.rvm/gems/ruby-2.6.1/gems/actionpack-5.0.7.2/lib/action_dispatch/middleware/templates/rescues/_source.html.erb (2.5ms)
  Rendering /Users/israelcanessa/.rvm/gems/ruby-2.6.1/gems/actionpack-5.0.7.2/lib/action_dispatch/middleware/templates/rescues/_trace.html.erb
  Rendered /Users/israelcanessa/.rvm/gems/ruby-2.6.1/gems/actionpack-5.0.7.2/lib/action_dispatch/middleware/templates/rescues/_trace.html.erb (2.8ms)
  Rendering /Users/israelcanessa/.rvm/gems/ruby-2.6.1/gems/actionpack-5.0.7.2/lib/action_dispatch/middleware/templates/rescues/_request_and_response.html.erb
  Rendered /Users/israelcanessa/.rvm/gems/ruby-2.6.1/gems/actionpack-5.0.7.2/lib/action_dispatch/middleware/templates/rescues/_request_and_response.html.erb (0.7ms)
  Rendered /Users/israelcanessa/.rvm/gems/ruby-2.6.1/gems/actionpack-5.0.7.2/lib/action_dispatch/middleware/templates/rescues/diagnostics.html.erb within rescues/layout (25.5ms)
  [1m[35m (0.1ms)[0m  [1m[36mbegin transaction[0m
  [1m[35mSQL (0.5ms)[0m  [1m[32mINSERT INTO "posts" ("title", "description", "created_at", "updated_at") VALUES (?, ?, ?, ?)[0m  [["title", "Title Goes Here"], ["description", "Desc goes here..."], ["created_at", "2020-08-11 04:48:06.424944"], ["updated_at", "2020-08-11 04:48:06.424944"]]
  [1m[35m (1.5ms)[0m  [1m[36mcommit transaction[0m
Started GET "/posts/3" for ::1 at 2020-08-11 00:55:15 -0400
  [1m[36mActiveRecord::SchemaMigration Load (0.1ms)[0m  [1m[34mSELECT "schema_migrations".* FROM "schema_migrations"[0m
Processing by PostsController#show as HTML
  Parameters: {"id"=>"3"}
  [1m[36mPost Load (0.2ms)[0m  [1m[34mSELECT  "posts".* FROM "posts" WHERE "posts"."id" = ? LIMIT ?[0m  [["id", 3], ["LIMIT", 1]]
Completed 404 Not Found in 23ms (ActiveRecord: 0.9ms)


  
ActiveRecord::RecordNotFound (Couldn't find Post with 'id'=3):
  
app/controllers/posts_controller.rb:7:in `show'
  Rendering /Users/israelcanessa/.rvm/gems/ruby-2.6.1/gems/actionpack-5.0.7.2/lib/action_dispatch/middleware/templates/rescues/diagnostics.html.erb within rescues/layout
  Rendering /Users/israelcanessa/.rvm/gems/ruby-2.6.1/gems/actionpack-5.0.7.2/lib/action_dispatch/middleware/templates/rescues/_source.html.erb
  Rendered /Users/israelcanessa/.rvm/gems/ruby-2.6.1/gems/actionpack-5.0.7.2/lib/action_dispatch/middleware/templates/rescues/_source.html.erb (24.7ms)
  Rendering /Users/israelcanessa/.rvm/gems/ruby-2.6.1/gems/actionpack-5.0.7.2/lib/action_dispatch/middleware/templates/rescues/_trace.html.erb
  Rendered /Users/israelcanessa/.rvm/gems/ruby-2.6.1/gems/actionpack-5.0.7.2/lib/action_dispatch/middleware/templates/rescues/_trace.html.erb (6.0ms)
  Rendering /Users/israelcanessa/.rvm/gems/ruby-2.6.1/gems/actionpack-5.0.7.2/lib/action_dispatch/middleware/templates/rescues/_request_and_response.html.erb
  Rendered /Users/israelcanessa/.rvm/gems/ruby-2.6.1/gems/actionpack-5.0.7.2/lib/action_dispatch/middleware/templates/rescues/_request_and_response.html.erb (1.2ms)
  Rendered /Users/israelcanessa/.rvm/gems/ruby-2.6.1/gems/actionpack-5.0.7.2/lib/action_dispatch/middleware/templates/rescues/diagnostics.html.erb within rescues/layout (79.6ms)
Started GET "/posts/" for ::1 at 2020-08-11 00:55:18 -0400
Processing by PostsController#index as HTML
  Rendering posts/index.html.erb within layouts/application
  [1m[36mPost Load (1.4ms)[0m  [1m[34mSELECT "posts".* FROM "posts"[0m
  Rendered posts/index.html.erb within layouts/application (7.4ms)
Completed 200 OK in 285ms (Views: 279.9ms | ActiveRecord: 1.4ms)


Started GET "/posts/new" for ::1 at 2020-08-11 00:55:27 -0400
Processing by PostsController#new as HTML
  Rendering posts/new.html.erb within layouts/application
  Rendered posts/new.html.erb within layouts/application (1.3ms)
Completed 200 OK in 25ms (Views: 23.2ms | ActiveRecord: 0.0ms)


Started GET "/posts/1" for ::1 at 2020-08-11 00:55:34 -0400
Processing by PostsController#show as HTML
  Parameters: {"id"=>"1"}
  [1m[36mPost Load (0.2ms)[0m  [1m[34mSELECT  "posts".* FROM "posts" WHERE "posts"."id" = ? LIMIT ?[0m  [["id", 1], ["LIMIT", 1]]
  Rendering posts/show.html.erb within layouts/application
  Rendered posts/show.html.erb within layouts/application (0.6ms)
Completed 200 OK in 28ms (Views: 25.0ms | ActiveRecord: 0.2ms)


Started GET "/posts/show" for ::1 at 2020-08-11 00:55:38 -0400
Processing by PostsController#show as HTML
  Parameters: {"id"=>"show"}
  [1m[36mPost Load (1.7ms)[0m  [1m[34mSELECT  "posts".* FROM "posts" WHERE "posts"."id" = ? LIMIT ?[0m  [["id", 0], ["LIMIT", 1]]
Completed 404 Not Found in 5ms (ActiveRecord: 1.7ms)


  
ActiveRecord::RecordNotFound (Couldn't find Post with 'id'=show):
  
app/controllers/posts_controller.rb:7:in `show'
  Rendering /Users/israelcanessa/.rvm/gems/ruby-2.6.1/gems/actionpack-5.0.7.2/lib/action_dispatch/middleware/templates/rescues/diagnostics.html.erb within rescues/layout
  Rendering /Users/israelcanessa/.rvm/gems/ruby-2.6.1/gems/actionpack-5.0.7.2/lib/action_dispatch/middleware/templates/rescues/_source.html.erb
  Rendered /Users/israelcanessa/.rvm/gems/ruby-2.6.1/gems/actionpack-5.0.7.2/lib/action_dispatch/middleware/templates/rescues/_source.html.erb (2.3ms)
  Rendering /Users/israelcanessa/.rvm/gems/ruby-2.6.1/gems/actionpack-5.0.7.2/lib/action_dispatch/middleware/templates/rescues/_trace.html.erb
  Rendered /Users/israelcanessa/.rvm/gems/ruby-2.6.1/gems/actionpack-5.0.7.2/lib/action_dispatch/middleware/templates/rescues/_trace.html.erb (2.6ms)
  Rendering /Users/israelcanessa/.rvm/gems/ruby-2.6.1/gems/actionpack-5.0.7.2/lib/action_dispatch/middleware/templates/rescues/_request_and_response.html.erb
  Rendered /Users/israelcanessa/.rvm/gems/ruby-2.6.1/gems/actionpack-5.0.7.2/lib/action_dispatch/middleware/templates/rescues/_request_and_response.html.erb (2.3ms)
  Rendered /Users/israelcanessa/.rvm/gems/ruby-2.6.1/gems/actionpack-5.0.7.2/lib/action_dispatch/middleware/templates/rescues/diagnostics.html.erb within rescues/layout (26.4ms)
Started GET "/posts/new" for ::1 at 2020-08-11 00:55:42 -0400
Processing by PostsController#new as HTML
  Rendering posts/new.html.erb within layouts/application
  Rendered posts/new.html.erb within layouts/application (0.9ms)
Completed 200 OK in 29ms (Views: 26.8ms | ActiveRecord: 0.0ms)


Started POST "/posts" for ::1 at 2020-08-11 00:55:46 -0400
Processing by PostsController#create as HTML
  Parameters: {"utf8"=>"✓", "authenticity_token"=>"wQhn7lGWccvT5R2NgMiDrYCDvk8dIP+Oa/0pMHk0HEYbdIOzZTrkekfWqNktwyZsSWX07FKIvO6fcwzASIEuiQ==", "title"=>"hey ", "description"=>"hhh", "commit"=>"Submit Post"}
  [1m[35m (0.1ms)[0m  [1m[36mbegin transaction[0m
  [1m[35mSQL (0.7ms)[0m  [1m[32mINSERT INTO "posts" ("title", "description", "created_at", "updated_at") VALUES (?, ?, ?, ?)[0m  [["title", "hey "], ["description", "hhh"], ["created_at", "2020-08-11 04:55:46.703884"], ["updated_at", "2020-08-11 04:55:46.703884"]]
  [1m[35m (2.4ms)[0m  [1m[36mcommit transaction[0m
No template found for PostsController#create, rendering head :no_content
Completed 204 No Content in 76ms (ActiveRecord: 3.2ms)


Started GET "/posts/new" for ::1 at 2020-08-11 01:01:59 -0400
  [1m[36mActiveRecord::SchemaMigration Load (0.2ms)[0m  [1m[34mSELECT "schema_migrations".* FROM "schema_migrations"[0m
Processing by PostsController#new as HTML
  Rendering posts/new.html.erb within layouts/application
  Rendered posts/new.html.erb within layouts/application (9.3ms)
Completed 200 OK in 532ms (Views: 486.5ms | ActiveRecord: 0.6ms)


Started POST "/posts" for ::1 at 2020-08-11 01:02:05 -0400
Processing by PostsController#create as HTML
  Parameters: {"utf8"=>"✓", "authenticity_token"=>"f/932y5kguuUSf8A/uJ1bYzpc1edvB6TGE9eMfVmdUKlg5OGGsgXWgB6SlRT6dCsRQ859NIUXfPswXvBxNNHjQ==", "title"=>"hhh", "description"=>"hhhh", "commit"=>"Submit Post"}
  [1m[35m (0.1ms)[0m  [1m[36mbegin transaction[0m
  [1m[35mSQL (1.7ms)[0m  [1m[32mINSERT INTO "posts" ("title", "description", "created_at", "updated_at") VALUES (?, ?, ?, ?)[0m  [["title", "hhh"], ["description", "hhhh"], ["created_at", "2020-08-11 05:02:05.675025"], ["updated_at", "2020-08-11 05:02:05.675025"]]
  [1m[35m (2.4ms)[0m  [1m[36mcommit transaction[0m
No template found for PostsController#create, rendering head :no_content
Completed 204 No Content in 81ms (ActiveRecord: 4.2ms)


Started GET "/posts/1" for ::1 at 2020-08-11 01:02:18 -0400
Processing by PostsController#show as HTML
  Parameters: {"id"=>"1"}
  [1m[36mPost Load (0.6ms)[0m  [1m[34mSELECT  "posts".* FROM "posts" WHERE "posts"."id" = ? LIMIT ?[0m  [["id", 1], ["LIMIT", 1]]
  Rendering posts/show.html.erb within layouts/application
  Rendered posts/show.html.erb within layouts/application (0.7ms)
Completed 200 OK in 108ms (Views: 95.0ms | ActiveRecord: 0.6ms)


Started GET "/posts" for ::1 at 2020-08-11 01:35:23 -0400
  [1m[36mActiveRecord::SchemaMigration Load (0.2ms)[0m  [1m[34mSELECT "schema_migrations".* FROM "schema_migrations"[0m
Processing by PostsController#index as HTML
  Rendering posts/index.html.erb within layouts/application
  [1m[36mPost Load (0.6ms)[0m  [1m[34mSELECT "posts".* FROM "posts"[0m
  Rendered posts/index.html.erb within layouts/application (68.9ms)
Completed 200 OK in 424ms (Views: 381.4ms | ActiveRecord: 1.7ms)


Started GET "/posts/new" for ::1 at 2020-08-11 01:35:30 -0400
Processing by PostsController#new as HTML
  Rendering posts/new.html.erb within layouts/application
  Rendered posts/new.html.erb within layouts/application (2.3ms)
Completed 200 OK in 36ms (Views: 32.9ms | ActiveRecord: 0.0ms)


Started POST "/posts" for ::1 at 2020-08-11 01:35:33 -0400
Processing by PostsController#create as HTML
  Parameters: {"utf8"=>"✓", "authenticity_token"=>"9CS7aq4gHktJ1UZ9NYwBcr3T1E5HF3k9I/dgAsoLonkuWF83moyL+t3m8ymYh6SzdDWe7Qi/Ol3XeUXy+76Qtg==", "title"=>"hh", "description"=>"", "commit"=>"Submit Post"}
  [1m[35m (0.1ms)[0m  [1m[36mbegin transaction[0m
  [1m[35mSQL (1.6ms)[0m  [1m[32mINSERT INTO "posts" ("title", "description", "created_at", "updated_at") VALUES (?, ?, ?, ?)[0m  [["title", "hh"], ["description", ""], ["created_at", "2020-08-11 05:35:33.167370"], ["updated_at", "2020-08-11 05:35:33.167370"]]
  [1m[35m (1.5ms)[0m  [1m[36mcommit transaction[0m
Redirected to http://localhost:3000/posts/5
Completed 302 Found in 7ms (ActiveRecord: 3.2ms)


Started GET "/posts/5" for ::1 at 2020-08-11 01:35:33 -0400
Processing by PostsController#show as HTML
  Parameters: {"id"=>"5"}
  [1m[36mPost Load (0.2ms)[0m  [1m[34mSELECT  "posts".* FROM "posts" WHERE "posts"."id" = ? LIMIT ?[0m  [["id", 5], ["LIMIT", 1]]
  Rendering posts/show.html.erb within layouts/application
  Rendered posts/show.html.erb within layouts/application (0.8ms)
Completed 200 OK in 27ms (Views: 20.9ms | ActiveRecord: 0.2ms)


Started GET "/posts/new" for ::1 at 2020-08-11 01:35:38 -0400
Processing by PostsController#new as HTML
  Rendering posts/new.html.erb within layouts/application
  Rendered posts/new.html.erb within layouts/application (2.0ms)
Completed 200 OK in 36ms (Views: 34.2ms | ActiveRecord: 0.0ms)


Started POST "/posts" for ::1 at 2020-08-11 01:35:42 -0400
Processing by PostsController#create as HTML
  Parameters: {"utf8"=>"✓", "authenticity_token"=>"e+p386xw0Cbl12BniCrXkERVLIuHgOU8Z4kLTjTe77WhlpOumNxFl3Hk1TMlIXJRjbNmKMgoplyTBy6+BWvdeg==", "title"=>"jjjd", "description"=>"hjhkjj", "commit"=>"Submit Post"}
  [1m[35m (0.1ms)[0m  [1m[36mbegin transaction[0m
  [1m[35mSQL (1.1ms)[0m  [1m[32mINSERT INTO "posts" ("title", "description", "created_at", "updated_at") VALUES (?, ?, ?, ?)[0m  [["title", "jjjd"], ["description", "hjhkjj"], ["created_at", "2020-08-11 05:35:42.556198"], ["updated_at", "2020-08-11 05:35:42.556198"]]
  [1m[35m (1.3ms)[0m  [1m[36mcommit transaction[0m
Redirected to http://localhost:3000/posts/6
Completed 302 Found in 5ms (ActiveRecord: 2.5ms)


Started GET "/posts/6" for ::1 at 2020-08-11 01:35:42 -0400
Processing by PostsController#show as HTML
  Parameters: {"id"=>"6"}
  [1m[36mPost Load (0.2ms)[0m  [1m[34mSELECT  "posts".* FROM "posts" WHERE "posts"."id" = ? LIMIT ?[0m  [["id", 6], ["LIMIT", 1]]
  Rendering posts/show.html.erb within layouts/application
  Rendered posts/show.html.erb within layouts/application (0.7ms)
Completed 200 OK in 29ms (Views: 26.4ms | ActiveRecord: 0.2ms)


Started GET "/posts/1" for ::1 at 2020-08-11 01:35:46 -0400
Processing by PostsController#show as HTML
  Parameters: {"id"=>"1"}
  [1m[36mPost Load (0.2ms)[0m  [1m[34mSELECT  "posts".* FROM "posts" WHERE "posts"."id" = ? LIMIT ?[0m  [["id", 1], ["LIMIT", 1]]
  Rendering posts/show.html.erb within layouts/application
  Rendered posts/show.html.erb within layouts/application (0.6ms)
Completed 200 OK in 31ms (Views: 28.0ms | ActiveRecord: 0.2ms)


Started GET "/posts/2" for ::1 at 2020-08-11 01:35:49 -0400
Processing by PostsController#show as HTML
  Parameters: {"id"=>"2"}
  [1m[36mPost Load (0.2ms)[0m  [1m[34mSELECT  "posts".* FROM "posts" WHERE "posts"."id" = ? LIMIT ?[0m  [["id", 2], ["LIMIT", 1]]
  Rendering posts/show.html.erb within layouts/application
  Rendered posts/show.html.erb within layouts/application (0.6ms)
Completed 200 OK in 40ms (Views: 37.6ms | ActiveRecord: 0.2ms)


Started GET "/posts/3" for ::1 at 2020-08-11 01:35:53 -0400
Processing by PostsController#show as HTML
  Parameters: {"id"=>"3"}
  [1m[36mPost Load (0.2ms)[0m  [1m[34mSELECT  "posts".* FROM "posts" WHERE "posts"."id" = ? LIMIT ?[0m  [["id", 3], ["LIMIT", 1]]
  Rendering posts/show.html.erb within layouts/application
  Rendered posts/show.html.erb within layouts/application (0.7ms)
Completed 200 OK in 29ms (Views: 26.6ms | ActiveRecord: 0.2ms)


Started GET "/posts/4" for ::1 at 2020-08-11 01:35:57 -0400
Processing by PostsController#show as HTML
  Parameters: {"id"=>"4"}
  [1m[36mPost Load (0.2ms)[0m  [1m[34mSELECT  "posts".* FROM "posts" WHERE "posts"."id" = ? LIMIT ?[0m  [["id", 4], ["LIMIT", 1]]
  Rendering posts/show.html.erb within layouts/application
  Rendered posts/show.html.erb within layouts/application (0.9ms)
Completed 200 OK in 41ms (Views: 38.2ms | ActiveRecord: 0.2ms)


